<?xml version="1.0" encoding="UTF-8"?>
<!-- Generated by org.testng.reporters.JUnitReportReporter -->
<testsuite hostname="LAPTOP-E85VSA7B" failures="0" tests="3" name="testRun.TestRun" time="152.250" errors="1" timestamp="2024-03-25T04:41:04 IST" skipped="0">
  <testcase classname="testRun.TestRun" name="runScenario" time="65.422"/>
  <system-out/>
  <testcase classname="testRun.TestRun" name="runScenario" time="48.385"/>
  <system-out/>
  <testcase classname="testRun.TestRun" name="runScenario" time="38.443">
    <error message="For input string: &quot;&quot;" type="java.lang.NumberFormatException">
      <![CDATA[java.lang.NumberFormatException: For input string: ""
at java.base/java.lang.NumberFormatException.forInputString(NumberFormatException.java:67)
at java.base/java.lang.Integer.parseInt(Integer.java:678)
at java.base/java.lang.Integer.parseInt(Integer.java:786)
at pageObject.AddMonitorToCart.checkIfProductIsAddedToTheCart(AddMonitorToCart.java:164)
at stepsDefinitions.Steps.product_should_get_added_in_the_cart_and_cart_item_count_should_get_updated_to(Steps.java:119)
at âœ½.Product should get added in the cart and Cart item count should get updated to 1(file:///C:/Users/Shubhay/git/AmazonSelenium1/v1/./Features/AddLaptopToCart.feature:16)
]]>
    </error>
  </testcase> <!-- runScenario -->
  <system-out/>
</testsuite> <!-- testRun.TestRun -->
