<?xml version="1.0" encoding="UTF-8"?>
<!-- Generated by org.testng.reporters.JUnitReportReporter -->
<testsuite hostname="LAPTOP-E85VSA7B" failures="0" tests="2" name="testRun.TestRun" time="75.272" errors="0" timestamp="2024-03-25T15:45:58 IST" skipped="0">
  <testcase classname="testRun.TestRun" name="runScenario" time="39.065"/>
  <system-out/>
  <testcase classname="testRun.TestRun" name="runScenario" time="36.207"/>
  <system-out/>
</testsuite> <!-- testRun.TestRun -->
