<?xml version="1.0" encoding="UTF-8"?>
<!-- Generated by org.testng.reporters.JUnitReportReporter -->
<testsuite hostname="LAPTOP-E85VSA7B" failures="0" tests="3" name="testRun.TestRun" time="133.456" errors="0" timestamp="2024-03-25T14:59:35 IST" skipped="0">
  <testcase classname="testRun.TestRun" name="runScenario" time="37.617"/>
  <system-out/>
  <testcase classname="testRun.TestRun" name="runScenario" time="56.269"/>
  <system-out/>
  <testcase classname="testRun.TestRun" name="runScenario" time="39.570"/>
  <system-out/>
</testsuite> <!-- testRun.TestRun -->
