<?xml version="1.0" encoding="UTF-8"?>
<!-- Generated by org.testng.reporters.JUnitReportReporter -->
<testsuite hostname="LAPTOP-E85VSA7B" failures="0" tests="1" name="com.testng.AmazonTest.MonitorTest" time="13.669" errors="0" timestamp="2024-03-23T02:55:00 IST" skipped="0">
  <testcase classname="com.testng.AmazonTest.MonitorTest" name="addMonitorToCart" time="13.669"/>
  <system-out/>
</testsuite> <!-- com.testng.AmazonTest.MonitorTest -->
