<?xml version="1.0" encoding="UTF-8"?>
<!-- Generated by org.testng.reporters.JUnitReportReporter -->
<testsuite hostname="LAPTOP-E85VSA7B" failures="0" tests="3" name="testRun.TestRun" time="128.392" errors="0" timestamp="2024-03-25T15:25:12 IST" skipped="0">
  <testcase classname="testRun.TestRun" name="runScenario" time="36.977"/>
  <system-out/>
  <testcase classname="testRun.TestRun" name="runScenario" time="37.295"/>
  <system-out/>
  <testcase classname="testRun.TestRun" name="runScenario" time="54.120"/>
  <system-out/>
</testsuite> <!-- testRun.TestRun -->
