<?xml version="1.0" encoding="UTF-8"?>
<!-- Generated by org.testng.reporters.JUnitReportReporter -->
<testsuite hostname="LAPTOP-E85VSA7B" failures="0" tests="1" name="testRun.TestRun" time="34.111" errors="0" timestamp="2024-03-25T02:09:27 IST" skipped="0">
  <testcase classname="testRun.TestRun" name="runScenario" time="34.111"/>
  <system-out/>
</testsuite> <!-- testRun.TestRun -->
