<?xml version="1.0" encoding="UTF-8"?>
<!-- Generated by org.testng.reporters.JUnitReportReporter -->
<testsuite hostname="LAPTOP-E85VSA7B" failures="0" tests="3" name="testRun.TestRun" time="156.486" errors="0" timestamp="2024-03-25T17:23:54 IST" skipped="0">
  <testcase classname="testRun.TestRun" name="runScenario" time="58.337"/>
  <system-out/>
  <testcase classname="testRun.TestRun" name="runScenario" time="38.905"/>
  <system-out/>
  <testcase classname="testRun.TestRun" name="runScenario" time="59.244"/>
  <system-out/>
</testsuite> <!-- testRun.TestRun -->
