<?xml version="1.0" encoding="UTF-8"?>
<!-- Generated by org.testng.reporters.JUnitReportReporter -->
<testsuite hostname="LAPTOP-E85VSA7B" failures="0" tests="2" name="testRun.TestRun" time="79.921" errors="0" timestamp="2024-03-25T02:38:09 IST" skipped="0">
  <testcase classname="testRun.TestRun" name="runScenario" time="36.946"/>
  <system-out/>
  <testcase classname="testRun.TestRun" name="runScenario" time="42.975"/>
  <system-out/>
</testsuite> <!-- testRun.TestRun -->
