<?xml version="1.0" encoding="UTF-8"?>
<!-- Generated by org.testng.reporters.JUnitReportReporter -->
<testsuite hostname="LAPTOP-E85VSA7B" failures="0" tests="2" name="testRun.TestRun" time="70.965" errors="0" timestamp="2024-03-25T02:47:24 IST" skipped="0">
  <testcase classname="testRun.TestRun" name="runScenario" time="35.021"/>
  <system-out/>
  <testcase classname="testRun.TestRun" name="runScenario" time="35.944"/>
  <system-out/>
</testsuite> <!-- testRun.TestRun -->
