<?xml version="1.0" encoding="UTF-8"?>
<!-- Generated by org.testng.reporters.JUnitReportReporter -->
<testsuite hostname="LAPTOP-E85VSA7B" failures="0" tests="3" name="testRun.TestRun" time="133.820" errors="0" timestamp="2024-03-25T17:33:42 IST" skipped="0">
  <testcase classname="testRun.TestRun" name="runScenario" time="36.949"/>
  <system-out/>
  <testcase classname="testRun.TestRun" name="runScenario" time="59.821"/>
  <system-out/>
  <testcase classname="testRun.TestRun" name="runScenario" time="37.050"/>
  <system-out/>
</testsuite> <!-- testRun.TestRun -->
