<?xml version="1.0" encoding="UTF-8"?>
<!-- Generated by org.testng.reporters.JUnitReportReporter -->
<testsuite hostname="LAPTOP-E85VSA7B" failures="0" tests="3" name="com.testng.AmazonTest.AmazonTest" time="126.541" errors="0" timestamp="2024-03-23T23:30:03 IST" skipped="0">
  <testcase classname="com.testng.AmazonTest.AmazonTest" name="addHeadphonePlusKeyboard" time="69.572"/>
  <system-out/>
  <testcase classname="com.testng.AmazonTest.AmazonTest" name="addMonitorToCart" time="28.489"/>
  <system-out/>
  <testcase classname="com.testng.AmazonTest.AmazonTest" name="addLaptopToCart" time="28.480"/>
  <system-out/>
</testsuite> <!-- com.testng.AmazonTest.AmazonTest -->
