<?xml version="1.0" encoding="UTF-8"?>
<!-- Generated by org.testng.reporters.JUnitReportReporter -->
<testsuite hostname="LAPTOP-E85VSA7B" failures="0" tests="1" name="com.testng.AmazonWebpage.v1.App" time="4.386" errors="0" timestamp="2024-03-22T17:23:51 IST" skipped="0">
  <testcase classname="com.testng.AmazonWebpage.v1.App" name="openBrowser" time="4.386"/>
  <system-out/>
</testsuite> <!-- com.testng.AmazonWebpage.v1.App -->
