<?xml version="1.0" encoding="UTF-8"?>
<!-- Generated by org.testng.reporters.JUnitReportReporter -->
<testsuite hostname="LAPTOP-E85VSA7B" failures="0" tests="3" name="testRun.TestRun" time="150.107" errors="0" timestamp="2024-03-25T16:28:15 IST" skipped="0">
  <testcase classname="testRun.TestRun" name="runScenario" time="41.228"/>
  <system-out/>
  <testcase classname="testRun.TestRun" name="runScenario" time="66.137"/>
  <system-out/>
  <testcase classname="testRun.TestRun" name="runScenario" time="42.742"/>
  <system-out/>
</testsuite> <!-- testRun.TestRun -->
